[[1;34mINFO[m] Scanning for projects...
[[1;34mINFO[m] 
[[1;34mINFO[m] [1m-----------------------< [0;36mcom.enigmacamp:pawtner[0;1m >-----------------------[m
[[1;34mINFO[m] [1mBuilding pawtner 0.0.1-SNAPSHOT[m
[[1;34mINFO[m]   from pom.xml
[[1;34mINFO[m] [1m--------------------------------[ jar ]---------------------------------[m
[[1;34mINFO[m] 
[[1;34mINFO[m] [1m>>> [0;32mspring-boot:3.5.3:run[m [1m(default-cli)[0;1m > [0;1mtest-compile[m @ [36mpawtner[0;1m >>>[m
[[1;34mINFO[m] 
[[1;34mINFO[m] [1m--- [0;32mlombok:1.18.20.0:delombok[m [1m(default)[m @ [36mpawtner[0;1m ---[m
[[1;33mWARNING[m] Skipping Delombok; no source to process.
[[1;34mINFO[m] 
[[1;34mINFO[m] [1m--- [0;32mresources:3.3.1:resources[m [1m(default-resources)[m @ [36mpawtner[0;1m ---[m
[[1;34mINFO[m] Copying 1 resource from src/main/resources to target/classes
[[1;34mINFO[m] Copying 3 resources from src/main/resources to target/classes
[[1;34mINFO[m] 
[[1;34mINFO[m] [1m--- [0;32mcompiler:3.14.0:compile[m [1m(default-compile)[m @ [36mpawtner[0;1m ---[m
[[1;34mINFO[m] Nothing to compile - all classes are up to date.
[[1;34mINFO[m] 
[[1;34mINFO[m] [1m--- [0;32mresources:3.3.1:testResources[m [1m(default-testResources)[m @ [36mpawtner[0;1m ---[m
[[1;34mINFO[m] skip non existing resourceDirectory /home/alrifqidarmawan/Projects/Backend/final-project/backend-pawtner/src/test/resources
[[1;34mINFO[m] 
[[1;34mINFO[m] [1m--- [0;32mcompiler:3.14.0:testCompile[m [1m(default-testCompile)[m @ [36mpawtner[0;1m ---[m
[[1;34mINFO[m] Nothing to compile - all classes are up to date.
[[1;34mINFO[m] 
[[1;34mINFO[m] [1m<<< [0;32mspring-boot:3.5.3:run[m [1m(default-cli)[0;1m < [0;1mtest-compile[m @ [36mpawtner[0;1m <<<[m
[[1;34mINFO[m] 
[[1;34mINFO[m] 
[[1;34mINFO[m] [1m--- [0;32mspring-boot:3.5.3:run[m [1m(default-cli)[m @ [36mpawtner[0;1m ---[m
[[1;34mINFO[m] Attaching agents: []

  .   ____          _            __ _ _
 /\\ / ___'_ __ _ _(_)_ __  __ _ \ \ \ \
( ( )\___ | '_ | '_| | '_ \/ _` | \ \ \ \
 \\/  ___)| |_)| | | | | || (_| |  ) ) ) )
  '  |____| .__|_| |_|_| |_\__, | / / / /
 =========|_|==============|___/=/_/_/_/

 :: Spring Boot ::                (v3.5.3)

2025-07-09T13:15:09.412+07:00  INFO 88996 --- [pawtner] [  restartedMain] c.enigmacamp.pawtner.PawtnerApplication  : Starting PawtnerApplication using Java 21.0.7 with PID 88996 (/home/alrifqidarmawan/Projects/Backend/final-project/backend-pawtner/target/classes started by alrifqidarmawan in /home/alrifqidarmawan/Projects/Backend/final-project/backend-pawtner)
2025-07-09T13:15:09.417+07:00  INFO 88996 --- [pawtner] [  restartedMain] c.enigmacamp.pawtner.PawtnerApplication  : No active profile set, falling back to 1 default profile: "default"
2025-07-09T13:15:09.489+07:00  INFO 88996 --- [pawtner] [  restartedMain] .e.DevToolsPropertyDefaultsPostProcessor : Devtools property defaults active! Set 'spring.devtools.add-properties' to 'false' to disable
2025-07-09T13:15:09.489+07:00  INFO 88996 --- [pawtner] [  restartedMain] .e.DevToolsPropertyDefaultsPostProcessor : For additional web related logging consider setting the 'logging.level.web' property to 'DEBUG'
2025-07-09T13:15:11.562+07:00  INFO 88996 --- [pawtner] [  restartedMain] .s.d.r.c.RepositoryConfigurationDelegate : Bootstrapping Spring Data JPA repositories in DEFAULT mode.
2025-07-09T13:15:11.867+07:00  INFO 88996 --- [pawtner] [  restartedMain] .s.d.r.c.RepositoryConfigurationDelegate : Finished Spring Data repository scanning in 292 ms. Found 15 JPA repository interfaces.
2025-07-09T13:15:13.213+07:00  INFO 88996 --- [pawtner] [  restartedMain] o.s.b.w.embedded.tomcat.TomcatWebServer  : Tomcat initialized with port 8080 (http)
2025-07-09T13:15:13.235+07:00  INFO 88996 --- [pawtner] [  restartedMain] o.apache.catalina.core.StandardService   : Starting service [Tomcat]
2025-07-09T13:15:13.235+07:00  INFO 88996 --- [pawtner] [  restartedMain] o.apache.catalina.core.StandardEngine    : Starting Servlet engine: [Apache Tomcat/10.1.42]
2025-07-09T13:15:13.286+07:00  INFO 88996 --- [pawtner] [  restartedMain] o.a.c.c.C.[Tomcat].[localhost].[/]       : Initializing Spring embedded WebApplicationContext
2025-07-09T13:15:13.288+07:00  INFO 88996 --- [pawtner] [  restartedMain] w.s.c.ServletWebServerApplicationContext : Root WebApplicationContext: initialization completed in 3795 ms
2025-07-09T13:15:13.843+07:00  INFO 88996 --- [pawtner] [  restartedMain] o.hibernate.jpa.internal.util.LogHelper  : HHH000204: Processing PersistenceUnitInfo [name: default]
2025-07-09T13:15:13.910+07:00  INFO 88996 --- [pawtner] [  restartedMain] org.hibernate.Version                    : HHH000412: Hibernate ORM core version 6.6.18.Final
2025-07-09T13:15:13.923+07:00  INFO 88996 --- [pawtner] [  restartedMain] o.h.spatial.integration.SpatialService   : HHH80000001: hibernate-spatial integration enabled : true
2025-07-09T13:15:13.956+07:00  INFO 88996 --- [pawtner] [  restartedMain] o.h.c.internal.RegionFactoryInitiator    : HHH000026: Second-level cache disabled
2025-07-09T13:15:14.118+07:00  INFO 88996 --- [pawtner] [  restartedMain] com.zaxxer.hikari.HikariDataSource       : HikariPool-1 - Starting...
2025-07-09T13:15:14.652+07:00  INFO 88996 --- [pawtner] [  restartedMain] com.zaxxer.hikari.pool.HikariPool        : HikariPool-1 - Added connection org.postgresql.jdbc.PgConnection@4b07eeed
2025-07-09T13:15:14.659+07:00  INFO 88996 --- [pawtner] [  restartedMain] com.zaxxer.hikari.HikariDataSource       : HikariPool-1 - Start completed.
2025-07-09T13:15:14.752+07:00  INFO 88996 --- [pawtner] [  restartedMain] org.hibernate.orm.connections.pooling    : HHH10001005: Database info:
	Database JDBC URL [Connecting through datasource 'HikariDataSource (HikariPool-1)']
	Database driver: undefined/unknown
	Database version: 17.5
	Autocommit mode: undefined/unknown
	Isolation level: undefined/unknown
	Minimum pool size: undefined/unknown
	Maximum pool size: undefined/unknown
2025-07-09T13:15:14.768+07:00  INFO 88996 --- [pawtner] [  restartedMain] org.hibernate.spatial                    : HHH80000003: hibernate-spatial adding type contributions from : org.hibernate.spatial.dialect.postgis.PostgisDialectContributor
2025-07-09T13:15:15.117+07:00  INFO 88996 --- [pawtner] [  restartedMain] o.s.o.j.p.SpringPersistenceUnitInfo      : No LoadTimeWeaver setup: ignoring JPA class transformer
2025-07-09T13:15:15.153+07:00  INFO 88996 --- [pawtner] [  restartedMain] org.hibernate.spatial                    : HHH80000003: hibernate-spatial adding type contributions from : org.hibernate.spatial.dialect.postgis.PostgisDialectContributor
2025-07-09T13:15:16.029+07:00  INFO 88996 --- [pawtner] [  restartedMain] org.hibernate.spatial                    : HHH80000004: hibernate-spatial adding function contributions from : org.hibernate.spatial.dialect.postgis.PostgisDialectContributor
2025-07-09T13:15:17.411+07:00  INFO 88996 --- [pawtner] [  restartedMain] o.h.e.t.j.p.i.JtaPlatformInitiator       : HHH000489: No JTA platform available (set 'hibernate.transaction.jta.platform' to enable JTA platform integration)
2025-07-09T13:15:19.450+07:00  INFO 88996 --- [pawtner] [  restartedMain] j.LocalContainerEntityManagerFactoryBean : Initialized JPA EntityManagerFactory for persistence unit 'default'
Hibernate: 
    select
        u1_0.id 
    from
        users u1_0 
    where
        u1_0.email=? 
    fetch
        first ? rows only
2025-07-09T13:15:20.948+07:00  INFO 88996 --- [pawtner] [  restartedMain] r$InitializeUserDetailsManagerConfigurer : Global AuthenticationManager configured with UserDetailsService bean with name userServiceImpl
2025-07-09T13:15:21.268+07:00  INFO 88996 --- [pawtner] [  restartedMain] o.s.d.j.r.query.QueryEnhancerFactory     : Hibernate is in classpath; If applicable, HQL parser will be used.
2025-07-09T13:15:22.655+07:00  WARN 88996 --- [pawtner] [  restartedMain] JpaBaseConfiguration$JpaWebConfiguration : spring.jpa.open-in-view is enabled by default. Therefore, database queries may be performed during view rendering. Explicitly configure spring.jpa.open-in-view to disable this warning
2025-07-09T13:15:23.344+07:00  INFO 88996 --- [pawtner] [  restartedMain] o.s.b.a.e.web.EndpointLinksResolver      : Exposing 1 endpoint beneath base path '/actuator'
2025-07-09T13:15:24.180+07:00  INFO 88996 --- [pawtner] [  restartedMain] o.s.b.d.a.OptionalLiveReloadServer       : LiveReload server is running on port 35729
2025-07-09T13:15:24.362+07:00  INFO 88996 --- [pawtner] [  restartedMain] o.s.b.w.embedded.tomcat.TomcatWebServer  : Tomcat started on port 8080 (http) with context path '/'
2025-07-09T13:15:24.396+07:00  INFO 88996 --- [pawtner] [  restartedMain] c.enigmacamp.pawtner.PawtnerApplication  : Started PawtnerApplication in 15.785 seconds (process running for 16.605)
2025-07-09T13:15:34.843+07:00  INFO 88996 --- [pawtner] [   File Watcher] rtingClassPathChangeChangedEventListener : Restarting due to 1 class path change (0 additions, 0 deletions, 1 modification)
2025-07-09T13:15:34.861+07:00  INFO 88996 --- [pawtner] [       Thread-5] o.s.b.w.e.tomcat.GracefulShutdown        : Commencing graceful shutdown. Waiting for active requests to complete
2025-07-09T13:15:34.875+07:00  INFO 88996 --- [pawtner] [tomcat-shutdown] o.s.b.w.e.tomcat.GracefulShutdown        : Graceful shutdown complete
2025-07-09T13:15:34.982+07:00  INFO 88996 --- [pawtner] [       Thread-5] j.LocalContainerEntityManagerFactoryBean : Closing JPA EntityManagerFactory for persistence unit 'default'
2025-07-09T13:15:34.992+07:00  INFO 88996 --- [pawtner] [       Thread-5] com.zaxxer.hikari.HikariDataSource       : HikariPool-1 - Shutdown initiated...
2025-07-09T13:15:35.055+07:00  INFO 88996 --- [pawtner] [       Thread-5] com.zaxxer.hikari.HikariDataSource       : HikariPool-1 - Shutdown completed.

  .   ____          _            __ _ _
 /\\ / ___'_ __ _ _(_)_ __  __ _ \ \ \ \
( ( )\___ | '_ | '_| | '_ \/ _` | \ \ \ \
 \\/  ___)| |_)| | | | | || (_| |  ) ) ) )
  '  |____| .__|_| |_|_| |_\__, | / / / /
 =========|_|==============|___/=/_/_/_/

 :: Spring Boot ::                (v3.5.3)

2025-07-09T13:15:35.557+07:00  INFO 88996 --- [pawtner] [  restartedMain] c.enigmacamp.pawtner.PawtnerApplication  : Starting PawtnerApplication using Java 21.0.7 with PID 88996 (/home/alrifqidarmawan/Projects/Backend/final-project/backend-pawtner/target/classes started by alrifqidarmawan in /home/alrifqidarmawan/Projects/Backend/final-project/backend-pawtner)
2025-07-09T13:15:35.558+07:00  INFO 88996 --- [pawtner] [  restartedMain] c.enigmacamp.pawtner.PawtnerApplication  : No active profile set, falling back to 1 default profile: "default"
2025-07-09T13:15:37.729+07:00  INFO 88996 --- [pawtner] [  restartedMain] .s.d.r.c.RepositoryConfigurationDelegate : Bootstrapping Spring Data JPA repositories in DEFAULT mode.
2025-07-09T13:15:37.906+07:00  INFO 88996 --- [pawtner] [  restartedMain] .s.d.r.c.RepositoryConfigurationDelegate : Finished Spring Data repository scanning in 174 ms. Found 15 JPA repository interfaces.
2025-07-09T13:15:38.504+07:00  INFO 88996 --- [pawtner] [  restartedMain] o.s.b.w.embedded.tomcat.TomcatWebServer  : Tomcat initialized with port 8080 (http)
2025-07-09T13:15:38.507+07:00  INFO 88996 --- [pawtner] [  restartedMain] o.apache.catalina.core.StandardService   : Starting service [Tomcat]
2025-07-09T13:15:38.507+07:00  INFO 88996 --- [pawtner] [  restartedMain] o.apache.catalina.core.StandardEngine    : Starting Servlet engine: [Apache Tomcat/10.1.42]
2025-07-09T13:15:38.528+07:00  INFO 88996 --- [pawtner] [  restartedMain] o.a.c.c.C.[Tomcat].[localhost].[/]       : Initializing Spring embedded WebApplicationContext
2025-07-09T13:15:38.528+07:00  INFO 88996 --- [pawtner] [  restartedMain] w.s.c.ServletWebServerApplicationContext : Root WebApplicationContext: initialization completed in 2961 ms
2025-07-09T13:15:38.796+07:00  INFO 88996 --- [pawtner] [  restartedMain] o.hibernate.jpa.internal.util.LogHelper  : HHH000204: Processing PersistenceUnitInfo [name: default]
2025-07-09T13:15:38.803+07:00  INFO 88996 --- [pawtner] [  restartedMain] o.h.spatial.integration.SpatialService   : HHH80000001: hibernate-spatial integration enabled : true
2025-07-09T13:15:38.804+07:00  INFO 88996 --- [pawtner] [  restartedMain] o.h.c.internal.RegionFactoryInitiator    : HHH000026: Second-level cache disabled
2025-07-09T13:15:38.813+07:00  INFO 88996 --- [pawtner] [  restartedMain] com.zaxxer.hikari.HikariDataSource       : HikariPool-2 - Starting...
2025-07-09T13:15:38.876+07:00  INFO 88996 --- [pawtner] [  restartedMain] com.zaxxer.hikari.pool.HikariPool        : HikariPool-2 - Added connection org.postgresql.jdbc.PgConnection@2ffa3b6e
2025-07-09T13:15:38.876+07:00  INFO 88996 --- [pawtner] [  restartedMain] com.zaxxer.hikari.HikariDataSource       : HikariPool-2 - Start completed.
2025-07-09T13:15:38.891+07:00  INFO 88996 --- [pawtner] [  restartedMain] org.hibernate.orm.connections.pooling    : HHH10001005: Database info:
	Database JDBC URL [Connecting through datasource 'HikariDataSource (HikariPool-2)']
	Database driver: undefined/unknown
	Database version: 17.5
	Autocommit mode: undefined/unknown
	Isolation level: undefined/unknown
	Minimum pool size: undefined/unknown
	Maximum pool size: undefined/unknown
2025-07-09T13:15:38.891+07:00  INFO 88996 --- [pawtner] [  restartedMain] org.hibernate.spatial                    : HHH80000003: hibernate-spatial adding type contributions from : org.hibernate.spatial.dialect.postgis.PostgisDialectContributor
2025-07-09T13:15:38.911+07:00  INFO 88996 --- [pawtner] [  restartedMain] o.s.o.j.p.SpringPersistenceUnitInfo      : No LoadTimeWeaver setup: ignoring JPA class transformer
2025-07-09T13:15:38.912+07:00  INFO 88996 --- [pawtner] [  restartedMain] org.hibernate.spatial                    : HHH80000003: hibernate-spatial adding type contributions from : org.hibernate.spatial.dialect.postgis.PostgisDialectContributor
2025-07-09T13:15:39.225+07:00  INFO 88996 --- [pawtner] [  restartedMain] org.hibernate.spatial                    : HHH80000004: hibernate-spatial adding function contributions from : org.hibernate.spatial.dialect.postgis.PostgisDialectContributor
2025-07-09T13:15:39.895+07:00  INFO 88996 --- [pawtner] [  restartedMain] o.h.e.t.j.p.i.JtaPlatformInitiator       : HHH000489: No JTA platform available (set 'hibernate.transaction.jta.platform' to enable JTA platform integration)
2025-07-09T13:15:42.412+07:00  INFO 88996 --- [pawtner] [  restartedMain] j.LocalContainerEntityManagerFactoryBean : Initialized JPA EntityManagerFactory for persistence unit 'default'
Hibernate: 
    select
        u1_0.id 
    from
        users u1_0 
    where
        u1_0.email=? 
    fetch
        first ? rows only
2025-07-09T13:15:42.874+07:00  INFO 88996 --- [pawtner] [  restartedMain] r$InitializeUserDetailsManagerConfigurer : Global AuthenticationManager configured with UserDetailsService bean with name userServiceImpl
2025-07-09T13:15:43.723+07:00  WARN 88996 --- [pawtner] [  restartedMain] JpaBaseConfiguration$JpaWebConfiguration : spring.jpa.open-in-view is enabled by default. Therefore, database queries may be performed during view rendering. Explicitly configure spring.jpa.open-in-view to disable this warning
2025-07-09T13:15:44.143+07:00  INFO 88996 --- [pawtner] [  restartedMain] o.s.b.a.e.web.EndpointLinksResolver      : Exposing 1 endpoint beneath base path '/actuator'
2025-07-09T13:15:44.756+07:00  INFO 88996 --- [pawtner] [  restartedMain] o.s.b.d.a.OptionalLiveReloadServer       : LiveReload server is running on port 35729
2025-07-09T13:15:44.796+07:00  INFO 88996 --- [pawtner] [  restartedMain] o.s.b.w.embedded.tomcat.TomcatWebServer  : Tomcat started on port 8080 (http) with context path '/'
2025-07-09T13:15:44.807+07:00  INFO 88996 --- [pawtner] [  restartedMain] c.enigmacamp.pawtner.PawtnerApplication  : Started PawtnerApplication in 9.394 seconds (process running for 37.017)
2025-07-09T13:15:44.811+07:00  INFO 88996 --- [pawtner] [  restartedMain] .ConditionEvaluationDeltaLoggingListener : Condition evaluation unchanged
[[1;34mINFO[m] [1m------------------------------------------------------------------------[m
[[1;34mINFO[m] [1;31mBUILD FAILURE[m
[[1;34mINFO[m] [1m------------------------------------------------------------------------[m
[[1;34mINFO[m] Total time:  01:23 min
[[1;34mINFO[m] Finished at: 2025-07-09T13:16:27+07:00
[[1;34mINFO[m] [1m------------------------------------------------------------------------[m
[[1;31mERROR[m] Failed to execute goal [32morg.springframework.boot:spring-boot-maven-plugin:3.5.3:run[m [1m(default-cli)[m on project [36mpawtner[m: [1;31mProcess terminated with exit code: 137[m -> [1m[Help 1][m
[[1;31mERROR[m] 
[[1;31mERROR[m] To see the full stack trace of the errors, re-run Maven with the [1m-e[m switch.
[[1;31mERROR[m] Re-run Maven using the [1m-X[m switch to enable full debug logging.
[[1;31mERROR[m] 
[[1;31mERROR[m] For more information about the errors and possible solutions, please read the following articles:
[[1;31mERROR[m] [1m[Help 1][m http://cwiki.apache.org/confluence/display/MAVEN/MojoExecutionException
